<?xml version="1.0" encoding="UTF-8"?>
<!-- Generated by org.testng.reporters.JUnitReportReporter -->
<testsuite hostname="Apples-MacBook-Pro.local" failures="0" tests="3" name="TestRunner.runner" time="40.340" errors="0" timestamp="2022-06-16T17:16:41 IST" skipped="0">
  <testcase classname="TestRunner.runner" name="runScenario" time="31.635"/>
  <system-out/>
  <testcase classname="TestRunner.runner" name="runScenario" time="0.168"/>
  <system-out/>
  <testcase classname="TestRunner.runner" name="runScenario" time="8.537"/>
  <system-out/>
</testsuite> <!-- TestRunner.runner -->
